14-11-19 11:23:22 - 30: org.apache.uima.analysis_engine.impl.PrimitiveAnalysisEngine_impl.callAnalysisComponentProcess(407): 严重: Exception occurred
org.apache.uima.analysis_engine.AnalysisEngineProcessException: Annotator processing failed.    
	at org.apache.uima.analysis_engine.impl.PrimitiveAnalysisEngine_impl.callAnalysisComponentProcess(PrimitiveAnalysisEngine_impl.java:391)
	at org.apache.uima.analysis_engine.impl.PrimitiveAnalysisEngine_impl.processAndOutputNewCASes(PrimitiveAnalysisEngine_impl.java:296)
	at org.apache.uima.analysis_engine.asb.impl.ASB_impl$AggregateCasIterator.processUntilNextOutputCas(ASB_impl.java:567)
	at org.apache.uima.analysis_engine.asb.impl.ASB_impl$AggregateCasIterator.<init>(ASB_impl.java:409)
	at org.apache.uima.analysis_engine.asb.impl.ASB_impl.process(ASB_impl.java:342)
	at org.apache.uima.analysis_engine.impl.AggregateAnalysisEngine_impl.processAndOutputNewCASes(AggregateAnalysisEngine_impl.java:267)
	at org.apache.uima.analysis_engine.impl.AnalysisEngineImplBase.process(AnalysisEngineImplBase.java:267)
	at org.apache.uima.collection.impl.cpm.engine.ProcessingUnit.processNext(ProcessingUnit.java:897)
	at org.apache.uima.collection.impl.cpm.engine.ProcessingUnit.run(ProcessingUnit.java:577)
Caused by: com.google.gson.JsonSyntaxException: java.lang.IllegalStateException: Expected BEGIN_OBJECT but was STRING at line 1 column 1 path $
	at com.google.gson.Gson.fromJson(Gson.java:817)
	at com.google.gson.Gson.fromJson(Gson.java:770)
	at com.google.gson.Gson.fromJson(Gson.java:719)
	at com.google.gson.Gson.fromJson(Gson.java:691)
	at edu.cmu.lti.oaqa.bio.bioasq.services.GoPubMedService.throwServerSideException(GoPubMedService.java:157)
	at edu.cmu.lti.oaqa.bio.bioasq.services.GoPubMedService.postRequest(GoPubMedService.java:151)
	at edu.cmu.lti.oaqa.bio.bioasq.services.GoPubMedService.findOntologyEntitiesPaged(GoPubMedService.java:136)
	at edu.cmu.lti.oaqa.bio.bioasq.services.GoPubMedService.findJochemEntitiesPaged(GoPubMedService.java:100)
	at edu.cmu.lti.oaqa.bio.bioasq.services.GoPubMedService.findJochemEntitiesPaged(GoPubMedService.java:106)
	at edu.cmu.lti.oaqa.team04.annotators.ConceptsAnnotator.process(ConceptsAnnotator.java:74)
	at org.apache.uima.analysis_component.JCasAnnotator_ImplBase.process(JCasAnnotator_ImplBase.java:48)
	at org.apache.uima.analysis_engine.impl.PrimitiveAnalysisEngine_impl.callAnalysisComponentProcess(PrimitiveAnalysisEngine_impl.java:375)
	... 8 more
Caused by: java.lang.IllegalStateException: Expected BEGIN_OBJECT but was STRING at line 1 column 1 path $
	at com.google.gson.stream.JsonReader.beginObject(JsonReader.java:387)
	at com.google.gson.internal.bind.MapTypeAdapterFactory$Adapter.read(MapTypeAdapterFactory.java:183)
	at com.google.gson.internal.bind.MapTypeAdapterFactory$Adapter.read(MapTypeAdapterFactory.java:145)
	at com.google.gson.Gson.fromJson(Gson.java:805)
	... 19 more

14-11-19 11:23:23 - 30: org.apache.uima.analysis_engine.impl.AggregateAnalysisEngine_impl.processAndOutputNewCASes(275): 严重: Exception occurred
org.apache.uima.analysis_engine.AnalysisEngineProcessException: Annotator processing failed.    
	at org.apache.uima.analysis_engine.impl.PrimitiveAnalysisEngine_impl.callAnalysisComponentProcess(PrimitiveAnalysisEngine_impl.java:391)
	at org.apache.uima.analysis_engine.impl.PrimitiveAnalysisEngine_impl.processAndOutputNewCASes(PrimitiveAnalysisEngine_impl.java:296)
	at org.apache.uima.analysis_engine.asb.impl.ASB_impl$AggregateCasIterator.processUntilNextOutputCas(ASB_impl.java:567)
	at org.apache.uima.analysis_engine.asb.impl.ASB_impl$AggregateCasIterator.<init>(ASB_impl.java:409)
	at org.apache.uima.analysis_engine.asb.impl.ASB_impl.process(ASB_impl.java:342)
	at org.apache.uima.analysis_engine.impl.AggregateAnalysisEngine_impl.processAndOutputNewCASes(AggregateAnalysisEngine_impl.java:267)
	at org.apache.uima.analysis_engine.impl.AnalysisEngineImplBase.process(AnalysisEngineImplBase.java:267)
	at org.apache.uima.collection.impl.cpm.engine.ProcessingUnit.processNext(ProcessingUnit.java:897)
	at org.apache.uima.collection.impl.cpm.engine.ProcessingUnit.run(ProcessingUnit.java:577)
Caused by: com.google.gson.JsonSyntaxException: java.lang.IllegalStateException: Expected BEGIN_OBJECT but was STRING at line 1 column 1 path $
	at com.google.gson.Gson.fromJson(Gson.java:817)
	at com.google.gson.Gson.fromJson(Gson.java:770)
	at com.google.gson.Gson.fromJson(Gson.java:719)
	at com.google.gson.Gson.fromJson(Gson.java:691)
	at edu.cmu.lti.oaqa.bio.bioasq.services.GoPubMedService.throwServerSideException(GoPubMedService.java:157)
	at edu.cmu.lti.oaqa.bio.bioasq.services.GoPubMedService.postRequest(GoPubMedService.java:151)
	at edu.cmu.lti.oaqa.bio.bioasq.services.GoPubMedService.findOntologyEntitiesPaged(GoPubMedService.java:136)
	at edu.cmu.lti.oaqa.bio.bioasq.services.GoPubMedService.findJochemEntitiesPaged(GoPubMedService.java:100)
	at edu.cmu.lti.oaqa.bio.bioasq.services.GoPubMedService.findJochemEntitiesPaged(GoPubMedService.java:106)
	at edu.cmu.lti.oaqa.team04.annotators.ConceptsAnnotator.process(ConceptsAnnotator.java:74)
	at org.apache.uima.analysis_component.JCasAnnotator_ImplBase.process(JCasAnnotator_ImplBase.java:48)
	at org.apache.uima.analysis_engine.impl.PrimitiveAnalysisEngine_impl.callAnalysisComponentProcess(PrimitiveAnalysisEngine_impl.java:375)
	... 8 more
Caused by: java.lang.IllegalStateException: Expected BEGIN_OBJECT but was STRING at line 1 column 1 path $
	at com.google.gson.stream.JsonReader.beginObject(JsonReader.java:387)
	at com.google.gson.internal.bind.MapTypeAdapterFactory$Adapter.read(MapTypeAdapterFactory.java:183)
	at com.google.gson.internal.bind.MapTypeAdapterFactory$Adapter.read(MapTypeAdapterFactory.java:145)
	at com.google.gson.Gson.fromJson(Gson.java:805)
	... 19 more

14-11-19 11:23:23 - 30: org.apache.uima.collection.impl.cpm.engine.ProcessingUnit.process: 严重: The container AaeDescriptor returned the following error message: Annotator processing failed.     (Thread Name: [Procesing Pipeline#1 Thread]::) 
14-11-19 11:23:23 - 30: org.apache.uima.collection.impl.cpm.engine.ProcessingUnit.maybeLogSevereException(2502): 严重: Thread: [Procesing Pipeline#1 Thread]::, message: Annotator processing failed.    
org.apache.uima.analysis_engine.AnalysisEngineProcessException: Annotator processing failed.    
	at org.apache.uima.analysis_engine.impl.PrimitiveAnalysisEngine_impl.callAnalysisComponentProcess(PrimitiveAnalysisEngine_impl.java:391)
	at org.apache.uima.analysis_engine.impl.PrimitiveAnalysisEngine_impl.processAndOutputNewCASes(PrimitiveAnalysisEngine_impl.java:296)
	at org.apache.uima.analysis_engine.asb.impl.ASB_impl$AggregateCasIterator.processUntilNextOutputCas(ASB_impl.java:567)
	at org.apache.uima.analysis_engine.asb.impl.ASB_impl$AggregateCasIterator.<init>(ASB_impl.java:409)
	at org.apache.uima.analysis_engine.asb.impl.ASB_impl.process(ASB_impl.java:342)
	at org.apache.uima.analysis_engine.impl.AggregateAnalysisEngine_impl.processAndOutputNewCASes(AggregateAnalysisEngine_impl.java:267)
	at org.apache.uima.analysis_engine.impl.AnalysisEngineImplBase.process(AnalysisEngineImplBase.java:267)
	at org.apache.uima.collection.impl.cpm.engine.ProcessingUnit.processNext(ProcessingUnit.java:897)
	at org.apache.uima.collection.impl.cpm.engine.ProcessingUnit.run(ProcessingUnit.java:577)
Caused by: com.google.gson.JsonSyntaxException: java.lang.IllegalStateException: Expected BEGIN_OBJECT but was STRING at line 1 column 1 path $
	at com.google.gson.Gson.fromJson(Gson.java:817)
	at com.google.gson.Gson.fromJson(Gson.java:770)
	at com.google.gson.Gson.fromJson(Gson.java:719)
	at com.google.gson.Gson.fromJson(Gson.java:691)
	at edu.cmu.lti.oaqa.bio.bioasq.services.GoPubMedService.throwServerSideException(GoPubMedService.java:157)
	at edu.cmu.lti.oaqa.bio.bioasq.services.GoPubMedService.postRequest(GoPubMedService.java:151)
	at edu.cmu.lti.oaqa.bio.bioasq.services.GoPubMedService.findOntologyEntitiesPaged(GoPubMedService.java:136)
	at edu.cmu.lti.oaqa.bio.bioasq.services.GoPubMedService.findJochemEntitiesPaged(GoPubMedService.java:100)
	at edu.cmu.lti.oaqa.bio.bioasq.services.GoPubMedService.findJochemEntitiesPaged(GoPubMedService.java:106)
	at edu.cmu.lti.oaqa.team04.annotators.ConceptsAnnotator.process(ConceptsAnnotator.java:74)
	at org.apache.uima.analysis_component.JCasAnnotator_ImplBase.process(JCasAnnotator_ImplBase.java:48)
	at org.apache.uima.analysis_engine.impl.PrimitiveAnalysisEngine_impl.callAnalysisComponentProcess(PrimitiveAnalysisEngine_impl.java:375)
	... 8 more
Caused by: java.lang.IllegalStateException: Expected BEGIN_OBJECT but was STRING at line 1 column 1 path $
	at com.google.gson.stream.JsonReader.beginObject(JsonReader.java:387)
	at com.google.gson.internal.bind.MapTypeAdapterFactory$Adapter.read(MapTypeAdapterFactory.java:183)
	at com.google.gson.internal.bind.MapTypeAdapterFactory$Adapter.read(MapTypeAdapterFactory.java:145)
	at com.google.gson.Gson.fromJson(Gson.java:805)
	... 19 more

14-11-19 11:23:28 - 30: org.apache.uima.collection.impl.cpm.container.ProcessingContainer_Impl.process: 严重: The CPM stopped because the configured error threshold 0 was exceeded. (Thread Name: [Procesing Pipeline#1 Thread]::) Component Name: AaeDescriptor 
14-11-19 11:23:28 - 30: org.apache.uima.collection.impl.cpm.engine.ProcessingUnit.process: 严重: The CPM is terminating. The current component is AaeDescriptor. (Thread Name: [Procesing Pipeline#1 Thread]::) 
14-11-19 11:23:28 - 30: org.apache.uima.collection.impl.cpm.engine.ProcessingUnit.process: 警告: The CPM cannot be stopped by force. The current container is AaeDescriptor. (Thread Name: [Procesing Pipeline#1 Thread]::) Reason: The CAS processor AaeDescriptor is configured to stop the CPM when excessive errors are encountered.  (Thread Name: [Procesing Pipeline#1 Thread]::)
14-11-19 11:23:28 - 30: org.apache.uima.collection.impl.cpm.engine.ProcessingUnit.maybeLogSevereException(2502): 严重: Thread: [Procesing Pipeline#1 Thread]::, message: 
org.apache.uima.collection.base_cpm.AbortCPMException: 
	at org.apache.uima.collection.impl.cpm.container.ProcessingContainer_Impl.incrementCasProcessorErrors(ProcessingContainer_Impl.java:804)
	at org.apache.uima.collection.impl.cpm.engine.ProcessingUnit.processNext(ProcessingUnit.java:1041)
	at org.apache.uima.collection.impl.cpm.engine.ProcessingUnit.run(ProcessingUnit.java:577)

14-11-19 11:23:28 - 30: org.apache.uima.collection.impl.cpm.engine.CPMEngine.process: 信息: The collection reader thread state is: 1001 (Thread Name: [Procesing Pipeline#1 Thread]::) 
14-11-19 11:23:28 - 30: org.apache.uima.collection.impl.cpm.engine.CPMEngine.process: 信息: The CPM processing unit is 0 and processing state 2003. (Thread Name: [Procesing Pipeline#1 Thread]::)
14-11-19 11:23:28 - 30: org.apache.uima.collection.impl.cpm.engine.CPMEngine.process: 信息: The application stopped the CPM. (Thread Name: [Procesing Pipeline#1 Thread]::)
14-11-19 11:23:28 - 30: org.apache.uima.collection.impl.cpm.engine.CPMEngine.process: 信息: The CPM engine is stopping. An end-of-file token is added to the worker queue. (Thread Name: [Procesing Pipeline#1 Thread]::) Forced stop: true
